Using pre-set license
Built from '2020.2/release' branch; Version is '2020.2.1f1 (270dd8c3da1c) revision 2559448'; Using compiler version '192528614'; Build Type 'Release'
OS: 'Windows 10  (10.0.0) 64bit' Language: 'en' Physical Memory: 16230 MB
BatchMode: 1, IsHumanControllingUs: 0, StartBugReporterOnCrash: 0, Is64bit: 1, IsPro: 0

 COMMAND LINE ARGUMENTS:
D:\2020.2.1f1\Editor\Unity.exe
-adb2
-batchMode
-noUpm
-name
AssetImportWorker0
-projectPath
D:/Unity Projects/TeamUS/TeamUS2
-logFile
Logs/AssetImportWorker0.log
-srvPort
59653
Successfully changed project path to: D:/Unity Projects/TeamUS/TeamUS2
D:/Unity Projects/TeamUS/TeamUS2
Using Asset Import Pipeline V2.
Refreshing native plugins compatible for Editor in 25.36 ms, found 0 plugins.
Preloading 0 native plugins for Editor in 0.00 ms.
Initialize engine version: 2020.2.1f1 (270dd8c3da1c)
[Subsystems] Discovering subsystems at path D:/2020.2.1f1/Editor/Data/Resources/UnitySubsystems
[Subsystems] Discovering subsystems at path D:/Unity Projects/TeamUS/TeamUS2/Assets
GfxDevice: creating device client; threaded=0
Direct3D:
    Version:  Direct3D 11.0 [level 11.1]
    Renderer: NVIDIA GeForce GTX 1060 (ID=0x1c20)
    Vendor:   
    VRAM:     6052 MB
    Driver:   27.21.14.5751
Initialize mono
Mono path[0] = 'D:/2020.2.1f1/Editor/Data/Managed'
Mono path[1] = 'D:/2020.2.1f1/Editor/Data/MonoBleedingEdge/lib/mono/unityjit'
Mono config path = 'D:/2020.2.1f1/Editor/Data/MonoBleedingEdge/etc'
Using monoOptions --debugger-agent=transport=dt_socket,embedding=1,server=y,suspend=n,address=127.0.0.1:56308
Begin MonoManager ReloadAssembly
Registering precompiled unity dll's ...
Register platform support module: D:/2020.2.1f1/Editor/Data/PlaybackEngines/WindowsStandaloneSupport/UnityEditor.WindowsStandalone.Extensions.dll
Registered in 0.001125 seconds.
Native extension for WindowsStandalone target not found
Refreshing native plugins compatible for Editor in 27.77 ms, found 0 plugins.
Preloading 0 native plugins for Editor in 0.00 ms.
Invoked RoslynAnalysisRunner static constructor.
RoslynAnalysisRunner will not be running.
RoslynAnalysisRunner has terminated.
Mono: successfully reloaded assembly
- Completed reload, in  2.301 seconds
Platform modules already initialized, skipping
Registering precompiled user dll's ...
Registered in 0.002464 seconds.
Begin MonoManager ReloadAssembly
Symbol file LoadedFromMemory is not a mono symbol file
Native extension for WindowsStandalone target not found
Refreshing native plugins compatible for Editor in 0.28 ms, found 0 plugins.
Preloading 0 native plugins for Editor in 0.00 ms.
Invoked RoslynAnalysisRunner static constructor.
RoslynAnalysisRunner will not be running.
RoslynAnalysisRunner has terminated.
Mono: successfully reloaded assembly
- Completed reload, in  0.821 seconds
Platform modules already initialized, skipping
========================================================================
Worker process is ready to serve import requests
Launched and connected shader compiler UnityShaderCompiler.exe after 0.05 seconds
Refreshing native plugins compatible for Editor in 0.27 ms, found 0 plugins.
Preloading 0 native plugins for Editor in 0.00 ms.
Unloading 1334 Unused Serialized files (Serialized files now loaded: 0)
System memory in use before: 65.4 MB.
System memory in use after: 65.4 MB.

Unloading 15 unused Assets to reduce memory usage. Loaded Objects now: 1775.
Total: 1.892639 ms (FindLiveObjects: 0.171131 ms CreateObjectMapping: 0.053333 ms MarkObjects: 1.602320 ms  DeleteObjects: 0.064000 ms)

========================================================================
Received Import Request.
  path: Assets/Scenes/Game.unity
  artifactKey: Guid(2faeed2d3246d0546b780be19cf6be52) Importer(815301076,1909f56bfc062723c751e8b465ee728b)
Start importing Assets/Scenes/Game.unity using Guid(2faeed2d3246d0546b780be19cf6be52) Importer(815301076,1909f56bfc062723c751e8b465ee728b)  -> (artifact id: '597462defc464ee74a993324f5e20ffe') in 0.011711 seconds
  Import took 0.013935 seconds .

========================================================================
Received Prepare
Refreshing native plugins compatible for Editor in 1.77 ms, found 0 plugins.
Preloading 0 native plugins for Editor in 0.00 ms.
Unloading 8 Unused Serialized files (Serialized files now loaded: 0)
System memory in use before: 39.5 MB.
System memory in use after: 39.5 MB.

Unloading 8 unused Assets to reduce memory usage. Loaded Objects now: 1775.
Total: 1.670958 ms (FindLiveObjects: 0.119189 ms CreateObjectMapping: 0.036174 ms MarkObjects: 1.484059 ms  DeleteObjects: 0.030609 ms)

========================================================================
Received Import Request.
  Time since last request: 47.723761 seconds.
  path: Assets/Scenes
  artifactKey: Guid(f7420dd8701217c4ea385026f8f558a5) Importer(815301076,1909f56bfc062723c751e8b465ee728b)
Start importing Assets/Scenes using Guid(f7420dd8701217c4ea385026f8f558a5) Importer(815301076,1909f56bfc062723c751e8b465ee728b)  -> (artifact id: 'f6cbf14c420030053dd3c3f4244c4296') in 0.002662 seconds
  Import took 0.005530 seconds .

========================================================================
Received Import Request.
  Time since last request: 1.207849 seconds.
  path: Assets/Scenes/Room.unity
  artifactKey: Guid(9fc0d4010bbf28b4594072e72b8655ab) Importer(815301076,1909f56bfc062723c751e8b465ee728b)
Start importing Assets/Scenes/Room.unity using Guid(9fc0d4010bbf28b4594072e72b8655ab) Importer(815301076,1909f56bfc062723c751e8b465ee728b)  -> (artifact id: '9a87ac56a8ff406a45ae90619bf9a070') in 0.004827 seconds
  Import took 0.007174 seconds .

========================================================================
Received Prepare
Registering precompiled user dll's ...
Registered in 0.002706 seconds.
Begin MonoManager ReloadAssembly
Symbol file LoadedFromMemory is not a mono symbol file
Native extension for WindowsStandalone target not found
Refreshing native plugins compatible for Editor in 0.27 ms, found 0 plugins.
Preloading 0 native plugins for Editor in 0.00 ms.
Invoked RoslynAnalysisRunner static constructor.
RoslynAnalysisRunner will not be running.
RoslynAnalysisRunner has terminated.
Mono: successfully reloaded assembly
- Completed reload, in  0.990 seconds
Platform modules already initialized, skipping
Refreshing native plugins compatible for Editor in 0.35 ms, found 0 plugins.
Preloading 0 native plugins for Editor in 0.00 ms.
Unloading 1328 Unused Serialized files (Serialized files now loaded: 0)
System memory in use before: 66.3 MB.
System memory in use after: 66.4 MB.

Unloading 10 unused Assets to reduce memory usage. Loaded Objects now: 1777.
Total: 1.702031 ms (FindLiveObjects: 0.135884 ms CreateObjectMapping: 0.040348 ms MarkObjects: 1.482204 ms  DeleteObjects: 0.041739 ms)

========================================================================
Received Import Request.
  Time since last request: 31.886585 seconds.
  path: Assets/Scenes/Game.unity
  artifactKey: Guid(2faeed2d3246d0546b780be19cf6be52) Importer(815301076,1909f56bfc062723c751e8b465ee728b)
Start importing Assets/Scenes/Game.unity using Guid(2faeed2d3246d0546b780be19cf6be52) Importer(815301076,1909f56bfc062723c751e8b465ee728b)  -> (artifact id: 'd3a0d5145ecefb3ac20c82452bf3d406') in 0.012317 seconds
  Import took 0.014509 seconds .

========================================================================
Received Import Request.
  Time since last request: 0.000603 seconds.
  path: Assets/Scenes/Game.unity
  artifactKey: Guid(2faeed2d3246d0546b780be19cf6be52) Importer(815301076,1909f56bfc062723c751e8b465ee728b)
Start importing Assets/Scenes/Game.unity using Guid(2faeed2d3246d0546b780be19cf6be52) Importer(815301076,1909f56bfc062723c751e8b465ee728b)  -> (artifact id: 'd3a0d5145ecefb3ac20c82452bf3d406') in 0.002300 seconds
  Import took 0.004240 seconds .

========================================================================
Received Import Request.
  Time since last request: 12.169452 seconds.
  path: Assets/Scripts/SIngleUse
  artifactKey: Guid(fc7cb6e02d4545a43a492fb7cf1dfdb6) Importer(815301076,1909f56bfc062723c751e8b465ee728b)
Start importing Assets/Scripts/SIngleUse using Guid(fc7cb6e02d4545a43a492fb7cf1dfdb6) Importer(815301076,1909f56bfc062723c751e8b465ee728b)  -> (artifact id: 'f42b07dd7a0469d6401794b1b6413a5b') in 0.002078 seconds
  Import took 0.004408 seconds .

========================================================================
Received Import Request.
  Time since last request: 8.999560 seconds.
  path: Assets/Scripts/SIngleUse/OwnershipTransfer.cs
  artifactKey: Guid(c84a76b7a6fd6e94789c68939a55a761) Importer(815301076,1909f56bfc062723c751e8b465ee728b)
Start importing Assets/Scripts/SIngleUse/OwnershipTransfer.cs using Guid(c84a76b7a6fd6e94789c68939a55a761) Importer(815301076,1909f56bfc062723c751e8b465ee728b)  -> (artifact id: '6b57117b439ee4c5292497a48947c757') in 0.059653 seconds
  Import took 0.062743 seconds .

========================================================================
Received Prepare
Registering precompiled user dll's ...
Registered in 0.003799 seconds.
Begin MonoManager ReloadAssembly
Symbol file LoadedFromMemory is not a mono symbol file
Native extension for WindowsStandalone target not found
Refreshing native plugins compatible for Editor in 0.25 ms, found 0 plugins.
Preloading 0 native plugins for Editor in 0.00 ms.
Invoked RoslynAnalysisRunner static constructor.
RoslynAnalysisRunner will not be running.
RoslynAnalysisRunner has terminated.
Mono: successfully reloaded assembly
- Completed reload, in  0.727 seconds
Platform modules already initialized, skipping
Refreshing native plugins compatible for Editor in 0.30 ms, found 0 plugins.
Preloading 0 native plugins for Editor in 0.00 ms.
Unloading 1329 Unused Serialized files (Serialized files now loaded: 0)
System memory in use before: 66.8 MB.
System memory in use after: 66.9 MB.

Unloading 10 unused Assets to reduce memory usage. Loaded Objects now: 1780.
Total: 2.291017 ms (FindLiveObjects: 0.155362 ms CreateObjectMapping: 0.046377 ms MarkObjects: 2.036408 ms  DeleteObjects: 0.051942 ms)

========================================================================
Received Prepare
Registering precompiled user dll's ...
Registered in 0.002461 seconds.
Begin MonoManager ReloadAssembly
Symbol file LoadedFromMemory is not a mono symbol file
Native extension for WindowsStandalone target not found
Refreshing native plugins compatible for Editor in 0.25 ms, found 0 plugins.
Preloading 0 native plugins for Editor in 0.00 ms.
Invoked RoslynAnalysisRunner static constructor.
RoslynAnalysisRunner will not be running.
RoslynAnalysisRunner has terminated.
Mono: successfully reloaded assembly
- Completed reload, in  0.707 seconds
Platform modules already initialized, skipping
Refreshing native plugins compatible for Editor in 0.33 ms, found 0 plugins.
Preloading 0 native plugins for Editor in 0.00 ms.
Unloading 1329 Unused Serialized files (Serialized files now loaded: 0)
System memory in use before: 66.5 MB.
System memory in use after: 66.5 MB.

Unloading 10 unused Assets to reduce memory usage. Loaded Objects now: 1782.
Total: 1.523016 ms (FindLiveObjects: 0.134957 ms CreateObjectMapping: 0.039420 ms MarkObjects: 1.308755 ms  DeleteObjects: 0.038957 ms)

========================================================================
Received Import Request.
  Time since last request: 218.528510 seconds.
  path: Assets/Scripts/SIngleUse/OwnershipTransfer.cs
  artifactKey: Guid(c84a76b7a6fd6e94789c68939a55a761) Importer(815301076,1909f56bfc062723c751e8b465ee728b)
Start importing Assets/Scripts/SIngleUse/OwnershipTransfer.cs using Guid(c84a76b7a6fd6e94789c68939a55a761) Importer(815301076,1909f56bfc062723c751e8b465ee728b)  -> (artifact id: '03bb9afc9972c620c1dc2536a543d253') in 0.003579 seconds
  Import took 0.005700 seconds .

========================================================================
Received Prepare
Refreshing native plugins compatible for Editor in 2.55 ms, found 0 plugins.
Preloading 0 native plugins for Editor in 0.00 ms.
Unloading 8 Unused Serialized files (Serialized files now loaded: 0)
System memory in use before: 40.7 MB.
System memory in use after: 40.8 MB.

Unloading 8 unused Assets to reduce memory usage. Loaded Objects now: 1782.
Total: 1.939944 ms (FindLiveObjects: 0.187826 ms CreateObjectMapping: 0.047304 ms MarkObjects: 1.661683 ms  DeleteObjects: 0.041739 ms)

========================================================================
Received Prepare
Registering precompiled user dll's ...
Registered in 0.003647 seconds.
Begin MonoManager ReloadAssembly
Symbol file LoadedFromMemory is not a mono symbol file
Native extension for WindowsStandalone target not found
Refreshing native plugins compatible for Editor in 0.26 ms, found 0 plugins.
Preloading 0 native plugins for Editor in 0.00 ms.
Invoked RoslynAnalysisRunner static constructor.
RoslynAnalysisRunner will not be running.
RoslynAnalysisRunner has terminated.
Mono: successfully reloaded assembly
- Completed reload, in  0.971 seconds
Platform modules already initialized, skipping
Refreshing native plugins compatible for Editor in 0.30 ms, found 0 plugins.
Preloading 0 native plugins for Editor in 0.00 ms.
Unloading 1329 Unused Serialized files (Serialized files now loaded: 0)
System memory in use before: 66.5 MB.
System memory in use after: 66.6 MB.

Unloading 10 unused Assets to reduce memory usage. Loaded Objects now: 1784.
Total: 5.214614 ms (FindLiveObjects: 0.387711 ms CreateObjectMapping: 0.161391 ms MarkObjects: 4.581569 ms  DeleteObjects: 0.082087 ms)

========================================================================
Received Prepare
Registering precompiled user dll's ...
Registered in 0.002589 seconds.
Begin MonoManager ReloadAssembly
Symbol file LoadedFromMemory is not a mono symbol file
Native extension for WindowsStandalone target not found
Refreshing native plugins compatible for Editor in 0.27 ms, found 0 plugins.
Preloading 0 native plugins for Editor in 0.00 ms.
Invoked RoslynAnalysisRunner static constructor.
RoslynAnalysisRunner will not be running.
RoslynAnalysisRunner has terminated.
Mono: successfully reloaded assembly
- Completed reload, in  0.870 seconds
Platform modules already initialized, skipping
Refreshing native plugins compatible for Editor in 0.38 ms, found 0 plugins.
Preloading 0 native plugins for Editor in 0.00 ms.
Unloading 1329 Unused Serialized files (Serialized files now loaded: 0)
System memory in use before: 66.9 MB.
System memory in use after: 66.9 MB.

Unloading 10 unused Assets to reduce memory usage. Loaded Objects now: 1786.
Total: 1.494726 ms (FindLiveObjects: 0.134957 ms CreateObjectMapping: 0.038957 ms MarkObjects: 1.281856 ms  DeleteObjects: 0.037565 ms)

========================================================================
Received Import Request.
  Time since last request: 302.359372 seconds.
  path: Assets/Scenes/Game.unity
  artifactKey: Guid(2faeed2d3246d0546b780be19cf6be52) Importer(815301076,1909f56bfc062723c751e8b465ee728b)
Start importing Assets/Scenes/Game.unity using Guid(2faeed2d3246d0546b780be19cf6be52) Importer(815301076,1909f56bfc062723c751e8b465ee728b)  -> (artifact id: '006afdc174b8e4e7d4642410f294f246') in 0.012756 seconds
  Import took 0.015044 seconds .

========================================================================
Received Import Request.
  Time since last request: 0.001275 seconds.
  path: Assets/Scenes/Game.unity
  artifactKey: Guid(2faeed2d3246d0546b780be19cf6be52) Importer(815301076,1909f56bfc062723c751e8b465ee728b)
Start importing Assets/Scenes/Game.unity using Guid(2faeed2d3246d0546b780be19cf6be52) Importer(815301076,1909f56bfc062723c751e8b465ee728b)  -> (artifact id: '006afdc174b8e4e7d4642410f294f246') in 0.002244 seconds
  Import took 0.004459 seconds .

AssetImportWorkerClient::OnTransportError - code=2 error=End of file
